<?xml version="1.0" encoding="utf-8"?>
<buildLog>
  <requestID>20171206042602231</requestID>
  <buildedTimeStamp>12/6/2017 2:34:49 AM</buildedTimeStamp>
  <buildResult>fail<buildError>c:\Users\zzzgi\OneDrive\Computer Engineering\SoftwareModelingAndAnalysis\p4\P4\BuilderStorage\20171206042602231\NavigatorServer.cs(14,41) : error CS1519: Invalid token '=' in class, struct, or interface member declarationc:\Users\zzzgi\OneDrive\Computer Engineering\SoftwareModelingAndAnalysis\p4\P4\BuilderStorage\20171206042602231\NavigatorServer.cs(15,29) : error CS1519: Invalid token '=' in class, struct, or interface member declarationc:\Users\zzzgi\OneDrive\Computer Engineering\SoftwareModelingAndAnalysis\p4\P4\BuilderStorage\20171206042602231\NavigatorClient.csproj(3,45) : error CS1009: Unrecognized escape sequencec:\Users\zzzgi\OneDrive\Computer Engineering\SoftwareModelingAndAnalysis\p4\P4\BuilderStorage\20171206042602231\NavigatorClient.csproj(3,68) : error CS1009: Unrecognized escape sequencec:\Users\zzzgi\OneDrive\Computer Engineering\SoftwareModelingAndAnalysis\p4\P4\BuilderStorage\20171206042602231\NavigatorClient.csproj(3,136) : error CS1009: Unrecognized escape sequencec:\Users\zzzgi\OneDrive\Computer Engineering\SoftwareModelingAndAnalysis\p4\P4\BuilderStorage\20171206042602231\NavigatorClient.csproj(3,159) : error CS1009: Unrecognized escape sequencec:\Users\zzzgi\OneDrive\Computer Engineering\SoftwareModelingAndAnalysis\p4\P4\BuilderStorage\20171206042602231\NavigatorClient.csproj(22,20) : error CS1056: Unexpected character '\'c:\Users\zzzgi\OneDrive\Computer Engineering\SoftwareModelingAndAnalysis\p4\P4\BuilderStorage\20171206042602231\NavigatorClient.csproj(22,26) : error CS1056: Unexpected character '\'c:\Users\zzzgi\OneDrive\Computer Engineering\SoftwareModelingAndAnalysis\p4\P4\BuilderStorage\20171206042602231\NavigatorClient.csproj(31,20) : error CS1056: Unexpected character '\'c:\Users\zzzgi\OneDrive\Computer Engineering\SoftwareModelingAndAnalysis\p4\P4\BuilderStorage\20171206042602231\NavigatorClient.csproj(31,28) : error CS1056: Unexpected character '\'c:\Users\zzzgi\OneDrive\Computer Engineering\SoftwareModelingAndAnalysis\p4\P4\BuilderStorage\20171206042602231\NavigatorClient.csproj(78,34) : error CS1009: Unrecognized escape sequencec:\Users\zzzgi\OneDrive\Computer Engineering\SoftwareModelingAndAnalysis\p4\P4\BuilderStorage\20171206042602231\NavigatorClient.csproj(81,34) : error CS1009: Unrecognized escape sequencec:\Users\zzzgi\OneDrive\Computer Engineering\SoftwareModelingAndAnalysis\p4\P4\BuilderStorage\20171206042602231\NavigatorClient.csproj(86,34) : error CS1009: Unrecognized escape sequencec:\Users\zzzgi\OneDrive\Computer Engineering\SoftwareModelingAndAnalysis\p4\P4\BuilderStorage\20171206042602231\NavigatorClient.csproj(91,43) : error CS1009: Unrecognized escape sequencec:\Users\zzzgi\OneDrive\Computer Engineering\SoftwareModelingAndAnalysis\p4\P4\BuilderStorage\20171206042602231\NavigatorClient.csproj(95,31) : error CS1009: Unrecognized escape sequencec:\Users\zzzgi\OneDrive\Computer Engineering\SoftwareModelingAndAnalysis\p4\P4\BuilderStorage\20171206042602231\NavigatorClient.csproj(104,35) : error CS1009: Unrecognized escape sequencec:\Users\zzzgi\OneDrive\Computer Engineering\SoftwareModelingAndAnalysis\p4\P4\BuilderStorage\20171206042602231\NavigatorClient.csproj(104,43) : error CS1009: Unrecognized escape sequencec:\Users\zzzgi\OneDrive\Computer Engineering\SoftwareModelingAndAnalysis\p4\P4\BuilderStorage\20171206042602231\NavigatorClient.csproj(109,40) : error CS1009: Unrecognized escape sequencec:\Users\zzzgi\OneDrive\Computer Engineering\SoftwareModelingAndAnalysis\p4\P4\BuilderStorage\20171206042602231\NavigatorClient.csproj(1,1) : error CS0116: A namespace cannot directly contain members such as fields or methodsc:\Users\zzzgi\OneDrive\Computer Engineering\SoftwareModelingAndAnalysis\p4\P4\BuilderStorage\20171206042602231\1.cs(1,1) : error CS0116: A namespace cannot directly contain members such as fields or methodsc:\Users\zzzgi\OneDrive\Computer Engineering\SoftwareModelingAndAnalysis\p4\P4\BuilderStorage\20171206042602231\App.config(1,1) : error CS0116: A namespace cannot directly contain members such as fields or methodsc:\Users\zzzgi\OneDrive\Computer Engineering\SoftwareModelingAndAnalysis\p4\P4\BuilderStorage\20171206042602231\App.xaml(1,1) : error CS0116: A namespace cannot directly contain members such as fields or methods</buildError></buildResult>
</buildLog>